[debug] [2021-08-31T16:50:11.898Z] ----------------------------------------------------------------------
[debug] [2021-08-31T16:50:11.900Z] Command:       C:\Program Files\nodejs\node.exe C:\Users\DELL\AppData\Roaming\npm\node_modules\firebase-tools\lib\bin\firebase.js init
[debug] [2021-08-31T16:50:11.900Z] CLI Version:   9.16.6
[debug] [2021-08-31T16:50:11.900Z] Platform:      win32
[debug] [2021-08-31T16:50:11.900Z] Node Version:  v14.15.5
[debug] [2021-08-31T16:50:11.901Z] Time:          Tue Aug 31 2021 22:20:11 GMT+0530 (India Standard Time)
[debug] [2021-08-31T16:50:11.901Z] ----------------------------------------------------------------------
[debug] 
[debug] [2021-08-31T16:50:11.907Z] > command requires scopes: ["email","openid","https://www.googleapis.com/auth/cloudplatformprojects.readonly","https://www.googleapis.com/auth/firebase","https://www.googleapis.com/auth/cloud-platform"]
[debug] [2021-08-31T16:50:11.907Z] > authorizing via signed-in user (jadeja.apeksha9@gmail.com)
[info] 
     ######## #### ########  ######## ########     ###     ######  ########
     ##        ##  ##     ## ##       ##     ##  ##   ##  ##       ##
     ######    ##  ########  ######   ########  #########  ######  ######
     ##        ##  ##    ##  ##       ##     ## ##     ##       ## ##
     ##       #### ##     ## ######## ########  ##     ##  ######  ########

You're about to initialize a Firebase project in this directory:

  D:\MSc IT\Projects\MERN\tinder

[info] 
=== Project Setup
[info] 
[info] First, let's associate this project directory with a Firebase project.
[info] You can create multiple project aliases by running firebase use --add, 
[info] but for now we'll just set up a default project.
[info] 
[debug] [2021-08-31T16:51:11.312Z] >>> [apiv2][query] GET https://firebase.googleapis.com/v1beta1/projects pageSize=100
[debug] [2021-08-31T16:51:11.947Z] <<< [apiv2][status] GET https://firebase.googleapis.com/v1beta1/projects 200
[debug] [2021-08-31T16:51:11.947Z] <<< [apiv2][body] GET https://firebase.googleapis.com/v1beta1/projects [omitted]
[info] i  Using project tinder-597fc (tinder) 
[info] 
=== Hosting Setup
[info] 
[info] Your public directory is the folder (relative to your project directory) that
[info] will contain Hosting assets to be uploaded with firebase deploy. If you
[info] have a build process for your assets, use your build's output directory.
[info] 
[debug] [2021-08-31T16:52:18.566Z] >>> [apiv2][query] GET https://www.gstatic.com/firebasejs/releases.json [none]
[debug] [2021-08-31T16:52:18.738Z] <<< [apiv2][status] GET https://www.gstatic.com/firebasejs/releases.json 200
[debug] [2021-08-31T16:52:18.739Z] <<< [apiv2][body] GET https://www.gstatic.com/firebasejs/releases.json {"current":{"version":"9.0.1","browserURL":"https://www.gstatic.com/firebasejs/9.0.1/firebase.js","packageURL":"https://www.gstatic.com/firebasejs/9.0.1/firebase.tgz"},"live":{"version":"9.0","browserURL":"https://www.gstatic.com/firebasejs/live/9.0/firebase.js","packageURL":"https://www.gstatic.com/firebasejs/live/9.0/firebase.tgz"},"components":{"analytics":"https://www.gstatic.com/firebasejs/9.0.1/firebase-analytics.js","app":"https://www.gstatic.com/firebasejs/9.0.1/firebase-app.js","app-check":"https://www.gstatic.com/firebasejs/9.0.1/firebase-app-check.js","auth":"https://www.gstatic.com/firebasejs/9.0.1/firebase-auth.js","auth/cordova":"https://www.gstatic.com/firebasejs/9.0.1/firebase-auth/cordova.js","auth/react-native":"https://www.gstatic.com/firebasejs/9.0.1/firebase-auth/react-native.js","functions":"https://www.gstatic.com/firebasejs/9.0.1/firebase-functions.js","firestore":"https://www.gstatic.com/firebasejs/9.0.1/firebase-firestore.js","firestore/lite":"https://www.gstatic.com/firebasejs/9.0.1/firebase-firestore/lite.js","storage":"https://www.gstatic.com/firebasejs/9.0.1/firebase-storage.js","performance":"https://www.gstatic.com/firebasejs/9.0.1/firebase-performance.js","remote-config":"https://www.gstatic.com/firebasejs/9.0.1/firebase-remote-config.js","messaging":"https://www.gstatic.com/firebasejs/9.0.1/firebase-messaging.js","messaging/sw":"https://www.gstatic.com/firebasejs/9.0.1/firebase-messaging/sw.js","database":"https://www.gstatic.com/firebasejs/9.0.1/firebase-database.js","firestore.memory":"https://www.gstatic.com/firebasejs/9.0.1/firebase-firestore.memory.js"}}
[info] +  Wrote build/index.html 
[info] 
[info] i  Detected a .git folder at D:\MSc IT\Projects\MERN\tinder 
[info] i  Authorizing with GitHub to upload your service account to a GitHub repository's secrets store. 
[info] 
[info] Visit this URL on this device to log in:
[info] https://github.com/login/oauth/authorize?client_id=89cf50f02ac6aaed3484&state=163576731&redirect_uri=http%3A%2F%2Flocalhost%3A9005&scope=read%3Auser%20repo%20public_repo
[info] 
[info] Waiting for authentication...
[debug] [2021-08-31T16:52:37.103Z] >>> HTTP REQUEST POST https://github.com/login/oauth/access_token  
 {"client_id":"89cf50f02ac6aaed3484","client_secret":"3330d14abc895d9a74d5f17cd7a00711fa2c5bf0","code":"cdf6230fe33cefeee077","redirect_uri":"http://localhost:9005","state":"163576731"}
[debug] [2021-08-31T16:52:37.506Z] <<< HTTP RESPONSE 200 {"server":"GitHub.com","date":"Tue, 31 Aug 2021 16:52:36 GMT","content-type":"application/json; charset=utf-8","transfer-encoding":"chunked","vary":"X-PJAX, X-PJAX-Container, Accept-Encoding, Accept, X-Requested-With","permissions-policy":"interest-cohort=()","etag":"W/\"cff2acfdf2b0bf5ad0877e8987f76413\"","cache-control":"max-age=0, private, must-revalidate","strict-transport-security":"max-age=31536000; includeSubdomains; preload","x-frame-options":"deny","x-content-type-options":"nosniff","x-xss-protection":"0","referrer-policy":"origin-when-cross-origin, strict-origin-when-cross-origin","expect-ct":"max-age=2592000, report-uri=\"https://api.github.com/_private/browser/errors\"","content-security-policy":"default-src 'none'; base-uri 'self'; block-all-mixed-content; connect-src 'self' uploads.github.com www.githubstatus.com collector.githubapp.com api.github.com github-cloud.s3.amazonaws.com github-production-repository-file-5c1aeb.s3.amazonaws.com github-production-upload-manifest-file-7fdce7.s3.amazonaws.com github-production-user-asset-6210df.s3.amazonaws.com cdn.optimizely.com logx.optimizely.com/v1/events translator.github.com wss://alive.github.com; font-src github.githubassets.com; form-action 'self' github.com gist.github.com; frame-ancestors 'none'; frame-src render.githubusercontent.com viewscreen.githubusercontent.com; img-src 'self' data: github.githubassets.com identicons.github.com collector.githubapp.com github-cloud.s3.amazonaws.com secured-user-images.githubusercontent.com/ *.githubusercontent.com; manifest-src 'self'; media-src 'none'; script-src github.githubassets.com; style-src 'unsafe-inline' github.githubassets.com; worker-src github.com/socket-worker-b05e50fc.js gist.github.com/socket-worker-b05e50fc.js","x-github-request-id":"8791:707A:286B4:30290:612E5E54"}
[debug] [2021-08-31T16:52:37.509Z] >>> [apiv2][query] GET https://api.github.com/user [none]
[debug] [2021-08-31T16:52:37.896Z] <<< [apiv2][status] GET https://api.github.com/user 200
[debug] [2021-08-31T16:52:37.896Z] <<< [apiv2][body] GET https://api.github.com/user {"login":"Apeksha-Jadeja","id":81768737,"node_id":"MDQ6VXNlcjgxNzY4NzM3","avatar_url":"https://avatars.githubusercontent.com/u/81768737?v=4","gravatar_id":"","url":"https://api.github.com/users/Apeksha-Jadeja","html_url":"https://github.com/Apeksha-Jadeja","followers_url":"https://api.github.com/users/Apeksha-Jadeja/followers","following_url":"https://api.github.com/users/Apeksha-Jadeja/following{/other_user}","gists_url":"https://api.github.com/users/Apeksha-Jadeja/gists{/gist_id}","starred_url":"https://api.github.com/users/Apeksha-Jadeja/starred{/owner}{/repo}","subscriptions_url":"https://api.github.com/users/Apeksha-Jadeja/subscriptions","organizations_url":"https://api.github.com/users/Apeksha-Jadeja/orgs","repos_url":"https://api.github.com/users/Apeksha-Jadeja/repos","events_url":"https://api.github.com/users/Apeksha-Jadeja/events{/privacy}","received_events_url":"https://api.github.com/users/Apeksha-Jadeja/received_events","type":"User","site_admin":false,"name":"Apeksha Jadeja","company":null,"blog":"","location":"Gandhidham, Gujarat","email":null,"hireable":null,"bio":"MSc IT Student at DAIICT","twitter_username":null,"public_repos":19,"public_gists":0,"followers":0,"following":0,"created_at":"2021-04-01T16:40:48Z","updated_at":"2021-07-27T12:13:50Z","private_gists":0,"total_private_repos":2,"owned_private_repos":2,"disk_usage":32729,"collaborators":0,"two_factor_authentication":false,"plan":{"name":"free","space":976562499,"collaborators":0,"private_repos":10000}}
[info] 
[info] +  Success! Logged into GitHub as Apeksha-Jadeja 
[info] 
